<?xml version="1.0" encoding="UTF-8"?>
<!-- Generated by org.testng.reporters.JUnitXMLReporter -->
<testsuite hostname="DESKTOP-PVK6Q71" ignored="0" name="Tests [Chrome]" tests="5" failures="0" timestamp="23 июл 2017 23:43:08 GMT" time="138.093" errors="0">
  <testcase name="verifyOfSearchResult" time="29.284" classname="com.Booking.Project.Tests"/>
  <testcase name="verifyOfSearchResult" time="21.916" classname="com.Booking.Project.Tests"/>
  <testcase name="verifyOfSearchResult" time="23.933" classname="com.Booking.Project.Tests"/>
  <testcase name="verifyOfSearchResult" time="20.304" classname="com.Booking.Project.Tests"/>
  <testcase name="checkLogin" time="13.611" classname="com.Booking.Project.Tests"/>
</testsuite> <!-- Tests [Chrome] -->
