<?xml version="1.0" encoding="UTF-8"?>
<!-- Generated by org.testng.reporters.JUnitXMLReporter -->
<testsuite hostname="DESKTOP-PVK6Q71" ignored="0" name="Tests [Opera]" tests="5" failures="0" timestamp="23 июл 2017 23:45:18 GMT" time="129.4" errors="0">
  <testcase name="verifyOfSearchResult" time="20.816" classname="com.Booking.Project.Tests"/>
  <testcase name="verifyOfSearchResult" time="32.93" classname="com.Booking.Project.Tests"/>
  <testcase name="verifyOfSearchResult" time="19.577" classname="com.Booking.Project.Tests"/>
  <testcase name="verifyOfSearchResult" time="19.798" classname="com.Booking.Project.Tests"/>
  <testcase name="checkLogin" time="15.242" classname="com.Booking.Project.Tests"/>
</testsuite> <!-- Tests [Opera] -->
