<?xml version="1.0" encoding="UTF-8"?>
<testng-results skipped="0" failed="0" ignored="0" total="10" passed="10">
  <reporter-output>
  </reporter-output>
  <suite name="Tests" duration-ms="267559" started-at="2017-07-23T23:40:50Z" finished-at="2017-07-23T23:45:18Z">
    <groups>
    </groups>
    <test name="Tests [Chrome]" duration-ms="138093" started-at="2017-07-23T23:40:50Z" finished-at="2017-07-23T23:43:08Z">
      <class name="com.Booking.Project.Tests">
        <test-method status="PASS" signature="setup()[pri:0, instance:com.Booking.Project.Tests@17550481]" name="setup" is-config="true" duration-ms="9627" started-at="2017-07-24T02:40:50Z" finished-at="2017-07-24T02:41:00Z">
          <reporter-output>
          </reporter-output>
        </test-method> <!-- setup -->
        <test-method status="PASS" signature="verifyOfSearchResult(java.lang.String)[pri:1, instance:com.Booking.Project.Tests@17550481]" name="verifyOfSearchResult" duration-ms="29284" started-at="2017-07-24T02:41:00Z" data-provider="Cities" finished-at="2017-07-24T02:41:29Z">
          <params>
            <param index="0">
              <value>
                <![CDATA[New York]]>
              </value>
            </param>
          </params>
          <reporter-output>
          </reporter-output>
        </test-method> <!-- verifyOfSearchResult -->
        <test-method status="PASS" signature="tearDown()[pri:0, instance:com.Booking.Project.Tests@17550481]" name="tearDown" is-config="true" duration-ms="1130" started-at="2017-07-24T02:41:29Z" finished-at="2017-07-24T02:41:30Z">
          <reporter-output>
          </reporter-output>
        </test-method> <!-- tearDown -->
        <test-method status="PASS" signature="setup()[pri:0, instance:com.Booking.Project.Tests@17550481]" name="setup" is-config="true" duration-ms="4347" started-at="2017-07-24T02:41:30Z" finished-at="2017-07-24T02:41:35Z">
          <reporter-output>
          </reporter-output>
        </test-method> <!-- setup -->
        <test-method status="PASS" signature="verifyOfSearchResult(java.lang.String)[pri:1, instance:com.Booking.Project.Tests@17550481]" name="verifyOfSearchResult" duration-ms="21916" started-at="2017-07-24T02:41:35Z" data-provider="Cities" finished-at="2017-07-24T02:41:57Z">
          <params>
            <param index="0">
              <value>
                <![CDATA[Kiev]]>
              </value>
            </param>
          </params>
          <reporter-output>
          </reporter-output>
        </test-method> <!-- verifyOfSearchResult -->
        <test-method status="PASS" signature="tearDown()[pri:0, instance:com.Booking.Project.Tests@17550481]" name="tearDown" is-config="true" duration-ms="848" started-at="2017-07-24T02:41:57Z" finished-at="2017-07-24T02:41:57Z">
          <reporter-output>
          </reporter-output>
        </test-method> <!-- tearDown -->
        <test-method status="PASS" signature="setup()[pri:0, instance:com.Booking.Project.Tests@17550481]" name="setup" is-config="true" duration-ms="3487" started-at="2017-07-24T02:41:57Z" finished-at="2017-07-24T02:42:01Z">
          <reporter-output>
          </reporter-output>
        </test-method> <!-- setup -->
        <test-method status="PASS" signature="verifyOfSearchResult(java.lang.String)[pri:1, instance:com.Booking.Project.Tests@17550481]" name="verifyOfSearchResult" duration-ms="23933" started-at="2017-07-24T02:42:01Z" data-provider="Cities" finished-at="2017-07-24T02:42:25Z">
          <params>
            <param index="0">
              <value>
                <![CDATA[Warsaw]]>
              </value>
            </param>
          </params>
          <reporter-output>
          </reporter-output>
        </test-method> <!-- verifyOfSearchResult -->
        <test-method status="PASS" signature="tearDown()[pri:0, instance:com.Booking.Project.Tests@17550481]" name="tearDown" is-config="true" duration-ms="830" started-at="2017-07-24T02:42:25Z" finished-at="2017-07-24T02:42:26Z">
          <reporter-output>
          </reporter-output>
        </test-method> <!-- tearDown -->
        <test-method status="PASS" signature="setup()[pri:0, instance:com.Booking.Project.Tests@17550481]" name="setup" is-config="true" duration-ms="3684" started-at="2017-07-24T02:42:26Z" finished-at="2017-07-24T02:42:29Z">
          <reporter-output>
          </reporter-output>
        </test-method> <!-- setup -->
        <test-method status="PASS" signature="verifyOfSearchResult(java.lang.String)[pri:1, instance:com.Booking.Project.Tests@17550481]" name="verifyOfSearchResult" duration-ms="20304" started-at="2017-07-24T02:42:29Z" data-provider="Cities" finished-at="2017-07-24T02:42:50Z">
          <params>
            <param index="0">
              <value>
                <![CDATA[Berlin]]>
              </value>
            </param>
          </params>
          <reporter-output>
          </reporter-output>
        </test-method> <!-- verifyOfSearchResult -->
        <test-method status="PASS" signature="tearDown()[pri:0, instance:com.Booking.Project.Tests@17550481]" name="tearDown" is-config="true" duration-ms="851" started-at="2017-07-24T02:42:50Z" finished-at="2017-07-24T02:42:51Z">
          <reporter-output>
          </reporter-output>
        </test-method> <!-- tearDown -->
        <test-method status="PASS" signature="setup()[pri:0, instance:com.Booking.Project.Tests@17550481]" name="setup" is-config="true" duration-ms="3406" started-at="2017-07-24T02:42:51Z" finished-at="2017-07-24T02:42:54Z">
          <reporter-output>
          </reporter-output>
        </test-method> <!-- setup -->
        <test-method status="PASS" signature="checkLogin()[pri:2, instance:com.Booking.Project.Tests@17550481]" name="checkLogin" duration-ms="13611" started-at="2017-07-24T02:42:54Z" finished-at="2017-07-24T02:43:08Z">
          <reporter-output>
          </reporter-output>
        </test-method> <!-- checkLogin -->
        <test-method status="PASS" signature="tearDown()[pri:0, instance:com.Booking.Project.Tests@17550481]" name="tearDown" is-config="true" duration-ms="809" started-at="2017-07-24T02:43:08Z" finished-at="2017-07-24T02:43:08Z">
          <reporter-output>
          </reporter-output>
        </test-method> <!-- tearDown -->
      </class> <!-- com.Booking.Project.Tests -->
    </test> <!-- Tests [Chrome] -->
    <test name="Tests [Opera]" duration-ms="129400" started-at="2017-07-23T23:43:08Z" finished-at="2017-07-23T23:45:18Z">
      <class name="com.Booking.Project.Tests">
        <test-method status="PASS" signature="setup()[pri:0, instance:com.Booking.Project.Tests@6615435c]" name="setup" is-config="true" duration-ms="3367" started-at="2017-07-24T02:43:08Z" finished-at="2017-07-24T02:43:12Z">
          <reporter-output>
          </reporter-output>
        </test-method> <!-- setup -->
        <test-method status="PASS" signature="verifyOfSearchResult(java.lang.String)[pri:1, instance:com.Booking.Project.Tests@6615435c]" name="verifyOfSearchResult" duration-ms="20816" started-at="2017-07-24T02:43:12Z" data-provider="Cities" finished-at="2017-07-24T02:43:33Z">
          <params>
            <param index="0">
              <value>
                <![CDATA[New York]]>
              </value>
            </param>
          </params>
          <reporter-output>
          </reporter-output>
        </test-method> <!-- verifyOfSearchResult -->
        <test-method status="PASS" signature="tearDown()[pri:0, instance:com.Booking.Project.Tests@6615435c]" name="tearDown" is-config="true" duration-ms="837" started-at="2017-07-24T02:43:33Z" finished-at="2017-07-24T02:43:33Z">
          <reporter-output>
          </reporter-output>
        </test-method> <!-- tearDown -->
        <test-method status="PASS" signature="setup()[pri:0, instance:com.Booking.Project.Tests@6615435c]" name="setup" is-config="true" duration-ms="3453" started-at="2017-07-24T02:43:33Z" finished-at="2017-07-24T02:43:37Z">
          <reporter-output>
          </reporter-output>
        </test-method> <!-- setup -->
        <test-method status="PASS" signature="verifyOfSearchResult(java.lang.String)[pri:1, instance:com.Booking.Project.Tests@6615435c]" name="verifyOfSearchResult" duration-ms="32930" started-at="2017-07-24T02:43:37Z" data-provider="Cities" finished-at="2017-07-24T02:44:10Z">
          <params>
            <param index="0">
              <value>
                <![CDATA[Kiev]]>
              </value>
            </param>
          </params>
          <reporter-output>
          </reporter-output>
        </test-method> <!-- verifyOfSearchResult -->
        <test-method status="PASS" signature="tearDown()[pri:0, instance:com.Booking.Project.Tests@6615435c]" name="tearDown" is-config="true" duration-ms="849" started-at="2017-07-24T02:44:10Z" finished-at="2017-07-24T02:44:11Z">
          <reporter-output>
          </reporter-output>
        </test-method> <!-- tearDown -->
        <test-method status="PASS" signature="setup()[pri:0, instance:com.Booking.Project.Tests@6615435c]" name="setup" is-config="true" duration-ms="3392" started-at="2017-07-24T02:44:11Z" finished-at="2017-07-24T02:44:14Z">
          <reporter-output>
          </reporter-output>
        </test-method> <!-- setup -->
        <test-method status="PASS" signature="verifyOfSearchResult(java.lang.String)[pri:1, instance:com.Booking.Project.Tests@6615435c]" name="verifyOfSearchResult" duration-ms="19577" started-at="2017-07-24T02:44:14Z" data-provider="Cities" finished-at="2017-07-24T02:44:34Z">
          <params>
            <param index="0">
              <value>
                <![CDATA[Warsaw]]>
              </value>
            </param>
          </params>
          <reporter-output>
          </reporter-output>
        </test-method> <!-- verifyOfSearchResult -->
        <test-method status="PASS" signature="tearDown()[pri:0, instance:com.Booking.Project.Tests@6615435c]" name="tearDown" is-config="true" duration-ms="838" started-at="2017-07-24T02:44:34Z" finished-at="2017-07-24T02:44:34Z">
          <reporter-output>
          </reporter-output>
        </test-method> <!-- tearDown -->
        <test-method status="PASS" signature="setup()[pri:0, instance:com.Booking.Project.Tests@6615435c]" name="setup" is-config="true" duration-ms="3307" started-at="2017-07-24T02:44:34Z" finished-at="2017-07-24T02:44:38Z">
          <reporter-output>
          </reporter-output>
        </test-method> <!-- setup -->
        <test-method status="PASS" signature="verifyOfSearchResult(java.lang.String)[pri:1, instance:com.Booking.Project.Tests@6615435c]" name="verifyOfSearchResult" duration-ms="19798" started-at="2017-07-24T02:44:38Z" data-provider="Cities" finished-at="2017-07-24T02:44:58Z">
          <params>
            <param index="0">
              <value>
                <![CDATA[Berlin]]>
              </value>
            </param>
          </params>
          <reporter-output>
          </reporter-output>
        </test-method> <!-- verifyOfSearchResult -->
        <test-method status="PASS" signature="tearDown()[pri:0, instance:com.Booking.Project.Tests@6615435c]" name="tearDown" is-config="true" duration-ms="848" started-at="2017-07-24T02:44:58Z" finished-at="2017-07-24T02:44:58Z">
          <reporter-output>
          </reporter-output>
        </test-method> <!-- tearDown -->
        <test-method status="PASS" signature="setup()[pri:0, instance:com.Booking.Project.Tests@6615435c]" name="setup" is-config="true" duration-ms="3279" started-at="2017-07-24T02:44:58Z" finished-at="2017-07-24T02:45:02Z">
          <reporter-output>
          </reporter-output>
        </test-method> <!-- setup -->
        <test-method status="PASS" signature="checkLogin()[pri:2, instance:com.Booking.Project.Tests@6615435c]" name="checkLogin" duration-ms="15242" started-at="2017-07-24T02:45:02Z" finished-at="2017-07-24T02:45:17Z">
          <reporter-output>
          </reporter-output>
        </test-method> <!-- checkLogin -->
        <test-method status="PASS" signature="tearDown()[pri:0, instance:com.Booking.Project.Tests@6615435c]" name="tearDown" is-config="true" duration-ms="865" started-at="2017-07-24T02:45:17Z" finished-at="2017-07-24T02:45:18Z">
          <reporter-output>
          </reporter-output>
        </test-method> <!-- tearDown -->
      </class> <!-- com.Booking.Project.Tests -->
    </test> <!-- Tests [Opera] -->
  </suite> <!-- Tests -->
</testng-results>
